# JRE version: OpenJDK Runtime Environment Corretto-19.0.2.7.1 (19.0.2+7) (build 19.0.2+7-FR)
# Java VM: OpenJDK 64-Bit Server VM Corretto-19.0.2.7.1 (19.0.2+7-FR, mixed mode, sharing, tiered, compressed oops, compressed class ptrs, g1 gc, windows-amd64)
GC Precious Log:
 CardTable entry size: 512
 Card Set container configuration: InlinePtr #cards 5 size 8 Array Of Cards #cards 12 size 40 Howl #buckets 4 coarsen threshold 1843 Howl Bitmap #cards 512 size 80 coarsen threshold 460 Card regions per heap region 1 cards per card region 2048
 CPUs: 8 total, 8 available
 Memory: 8022M
 Large Page Support: Disabled
 NUMA Support: Disabled
 Compressed Oops: Enabled (32-bit)
 Heap Region Size: 1M
 Heap Min Capacity: 8M
 Heap Initial Capacity: 126M
 Heap Max Capacity: 2006M
 Pre-touch: Disabled
 Parallel Workers: 8
 Concurrent Workers: 2
 Concurrent Refinement Workers: 8
 Periodic GC: Disabled
Heap:
 garbage-first heap   total 55296K, used 35485K [0x0000000082a00000, 0x0000000100000000)
  region size 1024K, 16 young (16384K), 2 survivors (2048K)
 Metaspace       used 35444K, committed 35904K, reserved 1114112K
  class space    used 4528K, committed 4736K, reserved 1048576K
GC Heap History (16 events):
Event: 1.601 GC heap before
{Heap before GC invocations=0 (full 0):
 garbage-first heap   total 129024K, used 23552K [0x0000000082a00000, 0x0000000100000000)
  region size 1024K, 23 young (23552K), 0 survivors (0K)
 Metaspace       used 4466K, committed 4672K, reserved 1114112K
  class space    used 491K, committed 576K, reserved 1048576K
}
Event: 1.613 GC heap after
{Heap after GC invocations=1 (full 0):
 garbage-first heap   total 129024K, used 8697K [0x0000000082a00000, 0x0000000100000000)
  region size 1024K, 3 young (3072K), 3 survivors (3072K)
 Metaspace       used 4466K, committed 4672K, reserved 1114112K
  class space    used 491K, committed 576K, reserved 1048576K
}
Event: 3.506 GC heap before
{Heap before GC invocations=1 (full 0):
 garbage-first heap   total 129024K, used 33273K [0x0000000082a00000, 0x0000000100000000)
  region size 1024K, 27 young (27648K), 3 survivors (3072K)
 Metaspace       used 11229K, committed 11392K, reserved 1114112K
  class space    used 1350K, committed 1408K, reserved 1048576K
}
Event: 3.518 GC heap after
{Heap after GC invocations=2 (full 0):
 garbage-first heap   total 129024K, used 10031K [0x0000000082a00000, 0x0000000100000000)
  region size 1024K, 2 young (2048K), 2 survivors (2048K)
 Metaspace       used 11229K, committed 11392K, reserved 1114112K
  class space    used 1350K, committed 1408K, reserved 1048576K
}
Event: 5.677 GC heap before
{Heap before GC invocations=2 (full 0):
 garbage-first heap   total 129024K, used 54063K [0x0000000082a00000, 0x0000000100000000)
  region size 1024K, 47 young (48128K), 2 survivors (2048K)
 Metaspace       used 21278K, committed 21504K, reserved 1114112K
  class space    used 2697K, committed 2816K, reserved 1048576K
}
Event: 5.689 GC heap after
{Heap after GC invocations=3 (full 0):
 garbage-first heap   total 129024K, used 13438K [0x0000000082a00000, 0x0000000100000000)
  region size 1024K, 5 young (5120K), 5 survivors (5120K)
 Metaspace       used 21278K, committed 21504K, reserved 1114112K
  class space    used 2697K, committed 2816K, reserved 1048576K
}
Event: 6.607 GC heap before
{Heap before GC invocations=4 (full 0):
 garbage-first heap   total 55296K, used 40062K [0x0000000082a00000, 0x0000000100000000)
  region size 1024K, 32 young (32768K), 5 survivors (5120K)
 Metaspace       used 26606K, committed 26880K, reserved 1114112K
  class space    used 3289K, committed 3392K, reserved 1048576K
}
Event: 6.625 GC heap after
{Heap after GC invocations=5 (full 0):
 garbage-first heap   total 55296K, used 16146K [0x0000000082a00000, 0x0000000100000000)
  region size 1024K, 3 young (3072K), 3 survivors (3072K)
 Metaspace       used 26606K, committed 26880K, reserved 1114112K
  class space    used 3289K, committed 3392K, reserved 1048576K
}
Event: 6.679 GC heap before
{Heap before GC invocations=5 (full 0):
 garbage-first heap   total 55296K, used 17170K [0x0000000082a00000, 0x0000000100000000)
  region size 1024K, 4 young (4096K), 3 survivors (3072K)
 Metaspace       used 26733K, committed 27008K, reserved 1114112K
  class space    used 3308K, committed 3456K, reserved 1048576K
}
Event: 6.689 GC heap after
{Heap after GC invocations=6 (full 0):
 garbage-first heap   total 55296K, used 16659K [0x0000000082a00000, 0x0000000100000000)
  region size 1024K, 1 young (1024K), 1 survivors (1024K)
 Metaspace       used 26733K, committed 27008K, reserved 1114112K
  class space    used 3308K, committed 3456K, reserved 1048576K
}
Event: 8.027 GC heap before
{Heap before GC invocations=6 (full 0):
 garbage-first heap   total 55296K, used 35091K [0x0000000082a00000, 0x0000000100000000)
  region size 1024K, 20 young (20480K), 1 survivors (1024K)
 Metaspace       used 29866K, committed 30208K, reserved 1114112K
  class space    used 3713K, committed 3840K, reserved 1048576K
}
Event: 8.035 GC heap after
{Heap after GC invocations=7 (full 0):
 garbage-first heap   total 55296K, used 17729K [0x0000000082a00000, 0x0000000100000000)
  region size 1024K, 2 young (2048K), 2 survivors (2048K)
 Metaspace       used 29866K, committed 30208K, reserved 1114112K
  class space    used 3713K, committed 3840K, reserved 1048576K
}
Event: 9.081 GC heap before
{Heap before GC invocations=7 (full 0):
 garbage-first heap   total 55296K, used 37185K [0x0000000082a00000, 0x0000000100000000)
  region size 1024K, 21 young (21504K), 2 survivors (2048K)
 Metaspace       used 31969K, committed 32384K, reserved 1114112K
  class space    used 4007K, committed 4224K, reserved 1048576K
}
Event: 9.097 GC heap after
{Heap after GC invocations=8 (full 0):
 garbage-first heap   total 55296K, used 20132K [0x0000000082a00000, 0x0000000100000000)
  region size 1024K, 3 young (3072K), 3 survivors (3072K)
 Metaspace       used 31969K, committed 32384K, reserved 1114112K
  class space    used 4007K, committed 4224K, reserved 1048576K
}
Event: 10.366 GC heap before
{Heap before GC invocations=8 (full 0):
 garbage-first heap   total 55296K, used 38564K [0x0000000082a00000, 0x0000000100000000)
  region size 1024K, 21 young (21504K), 3 survivors (3072K)
 Metaspace       used 34085K, committed 34432K, reserved 1114112K
  class space    used 4363K, committed 4544K, reserved 1048576K
}
Event: 10.389 GC heap after
{Heap after GC invocations=9 (full 0):
 garbage-first heap   total 55296K, used 22173K [0x0000000082a00000, 0x0000000100000000)
  region size 1024K, 2 young (2048K), 2 survivors (2048K)
 Metaspace       used 34085K, committed 34432K, reserved 1114112K
  class space    used 4363K, committed 4544K, reserved 1048576K
}

